0 verbose cli D:\nodejs\node.exe D:\nodejs\node_modules\npm\bin\npm-cli.js
1 info using npm@11.8.0
2 info using node@v24.13.1
3 silly config load:file:D:\nodejs\node_modules\npm\npmrc
4 silly config load:file:E:\project\StudyRoom\admin-frontend\.npmrc
5 silly config load:file:C:\Users\23612\.npmrc
6 silly config load:file:D:\nodejs\node_global\etc\npmrc
7 verbose title npm install vue
8 verbose argv "install" "vue" "--cache" ".npmcache"
9 verbose logfile logs-max:10 dir:E:\project\StudyRoom\admin-frontend\.npmcache\_logs\2026-03-20T06_06_31_088Z-
10 verbose logfile E:\project\StudyRoom\admin-frontend\.npmcache\_logs\2026-03-20T06_06_31_088Z-debug-0.log
11 silly logfile done cleaning log files
12 silly packumentCache heap:4496293888 maxSize:1124073472 maxEntrySize:562036736
13 silly idealTree buildDeps
14 silly fetch manifest vue@*
15 silly packumentCache full:https://registry.npmjs.org/vue cache-miss
16 http fetch GET 200 https://registry.npmjs.org/npm 624ms
17 http fetch GET 200 https://registry.npmjs.org/vue 679ms (cache miss)
18 silly packumentCache full:https://registry.npmjs.org/vue set size:undefined disposed:false
19 silly fetch manifest typescript@*
20 silly packumentCache full:https://registry.npmjs.org/typescript cache-miss
21 http fetch GET 200 https://registry.npmjs.org/typescript 306ms (cache miss)
22 silly packumentCache full:https://registry.npmjs.org/typescript set size:undefined disposed:false
23 silly placeDep ROOT vue@3.5.30 OK for: admin-frontend@1.0.0 want: *
24 silly fetch manifest @vue/shared@3.5.30
25 silly packumentCache full:https://registry.npmjs.org/@vue%2fshared cache-miss
26 silly fetch manifest @vue/runtime-dom@3.5.30
27 silly packumentCache full:https://registry.npmjs.org/@vue%2fruntime-dom cache-miss
28 silly fetch manifest @vue/compiler-dom@3.5.30
29 silly packumentCache full:https://registry.npmjs.org/@vue%2fcompiler-dom cache-miss
30 silly fetch manifest @vue/compiler-sfc@3.5.30
31 silly packumentCache full:https://registry.npmjs.org/@vue%2fcompiler-sfc cache-miss
32 silly fetch manifest @vue/server-renderer@3.5.30
33 silly packumentCache full:https://registry.npmjs.org/@vue%2fserver-renderer cache-miss
34 http fetch GET 200 https://registry.npmjs.org/@vue%2fshared 147ms (cache miss)
35 silly packumentCache full:https://registry.npmjs.org/@vue%2fshared set size:undefined disposed:false
36 http fetch GET 200 https://registry.npmjs.org/@vue%2fruntime-dom 287ms (cache miss)
37 silly packumentCache full:https://registry.npmjs.org/@vue%2fruntime-dom set size:undefined disposed:false
38 http fetch GET 200 https://registry.npmjs.org/@vue%2fserver-renderer 592ms (cache miss)
39 silly packumentCache full:https://registry.npmjs.org/@vue%2fserver-renderer set size:undefined disposed:false
40 http fetch GET 200 https://registry.npmjs.org/@vue%2fcompiler-sfc 890ms (cache miss)
41 silly packumentCache full:https://registry.npmjs.org/@vue%2fcompiler-sfc set size:undefined disposed:false
42 http fetch GET 200 https://registry.npmjs.org/@vue%2fcompiler-dom 897ms (cache miss)
43 silly packumentCache full:https://registry.npmjs.org/@vue%2fcompiler-dom set size:undefined disposed:false
44 silly fetch manifest vue@3.5.30
45 silly packumentCache full:https://registry.npmjs.org/vue cache-miss
46 http cache https://registry.npmjs.org/vue 11ms (cache hit)
47 silly packumentCache full:https://registry.npmjs.org/vue set size:2008300 disposed:false
48 silly placeDep ROOT @vue/compiler-dom@3.5.30 OK for: vue@3.5.30 want: 3.5.30
49 silly placeDep ROOT @vue/compiler-sfc@3.5.30 OK for: vue@3.5.30 want: 3.5.30
50 silly placeDep ROOT @vue/runtime-dom@3.5.30 OK for: vue@3.5.30 want: 3.5.30
51 silly placeDep ROOT @vue/server-renderer@3.5.30 OK for: vue@3.5.30 want: 3.5.30
52 silly placeDep ROOT @vue/shared@3.5.30 OK for: vue@3.5.30 want: 3.5.30
53 silly fetch manifest @vue/compiler-core@3.5.30
54 silly packumentCache full:https://registry.npmjs.org/@vue%2fcompiler-core cache-miss
55 silly fetch manifest postcss@^8.5.8
56 silly packumentCache full:https://registry.npmjs.org/postcss cache-miss
57 silly fetch manifest magic-string@^0.30.21
58 silly packumentCache full:https://registry.npmjs.org/magic-string cache-miss
59 silly fetch manifest @babel/parser@^7.29.0
60 silly packumentCache full:https://registry.npmjs.org/@babel%2fparser cache-miss
61 silly fetch manifest estree-walker@^2.0.2
62 silly packumentCache full:https://registry.npmjs.org/estree-walker cache-miss
63 silly fetch manifest source-map-js@^1.2.1
64 silly packumentCache full:https://registry.npmjs.org/source-map-js cache-miss
65 silly fetch manifest @vue/compiler-ssr@3.5.30
66 silly packumentCache full:https://registry.npmjs.org/@vue%2fcompiler-ssr cache-miss
67 silly fetch manifest @vue/compiler-core@3.5.30
68 silly packumentCache full:https://registry.npmjs.org/@vue%2fcompiler-core cache-miss
69 silly fetch manifest csstype@^3.2.3
70 silly packumentCache full:https://registry.npmjs.org/csstype cache-miss
71 silly fetch manifest @vue/reactivity@3.5.30
72 silly packumentCache full:https://registry.npmjs.org/@vue%2freactivity cache-miss
73 silly fetch manifest @vue/runtime-core@3.5.30
74 silly packumentCache full:https://registry.npmjs.org/@vue%2fruntime-core cache-miss
75 silly fetch manifest @vue/compiler-ssr@3.5.30
76 silly packumentCache full:https://registry.npmjs.org/@vue%2fcompiler-ssr cache-miss
77 http fetch GET 200 https://registry.npmjs.org/postcss 125ms (cache miss)
78 silly packumentCache full:https://registry.npmjs.org/postcss set size:undefined disposed:false
79 http fetch GET 200 https://registry.npmjs.org/magic-string 149ms (cache miss)
80 silly packumentCache full:https://registry.npmjs.org/magic-string set size:undefined disposed:false
81 http fetch GET 200 https://registry.npmjs.org/estree-walker 156ms (cache miss)
82 silly packumentCache full:https://registry.npmjs.org/estree-walker set size:undefined disposed:false
83 http fetch GET 200 https://registry.npmjs.org/@babel%2fparser 164ms (cache miss)
84 silly packumentCache full:https://registry.npmjs.org/@babel%2fparser set size:undefined disposed:false
85 http fetch GET 200 https://registry.npmjs.org/@vue%2fcompiler-core 321ms (cache miss)
86 silly packumentCache full:https://registry.npmjs.org/@vue%2fcompiler-core set size:undefined disposed:false
87 http fetch GET 200 https://registry.npmjs.org/source-map-js 467ms (cache miss)
88 silly packumentCache full:https://registry.npmjs.org/source-map-js set size:undefined disposed:false
89 http fetch GET 200 https://registry.npmjs.org/@vue%2fcompiler-core 565ms (cache miss)
90 silly packumentCache full:https://registry.npmjs.org/@vue%2fcompiler-core set size:undefined disposed:false
91 http fetch GET 200 https://registry.npmjs.org/csstype 573ms (cache miss)
92 silly packumentCache full:https://registry.npmjs.org/csstype set size:undefined disposed:false
93 http fetch GET 200 https://registry.npmjs.org/@vue%2fruntime-core 597ms (cache miss)
94 silly packumentCache full:https://registry.npmjs.org/@vue%2fruntime-core set size:undefined disposed:false
95 http fetch GET 200 https://registry.npmjs.org/@vue%2fcompiler-ssr 742ms (cache miss)
96 silly packumentCache full:https://registry.npmjs.org/@vue%2fcompiler-ssr set size:undefined disposed:false
97 http fetch GET 200 https://registry.npmjs.org/@vue%2fcompiler-ssr 750ms (cache miss)
98 silly packumentCache full:https://registry.npmjs.org/@vue%2fcompiler-ssr set size:undefined disposed:false
99 http fetch GET 200 https://registry.npmjs.org/@vue%2freactivity 756ms (cache miss)
100 silly packumentCache full:https://registry.npmjs.org/@vue%2freactivity set size:undefined disposed:false
101 silly placeDep ROOT @vue/compiler-core@3.5.30 OK for: @vue/compiler-dom@3.5.30 want: 3.5.30
102 silly fetch manifest entities@^7.0.1
103 silly packumentCache full:https://registry.npmjs.org/entities cache-miss
104 http fetch GET 200 https://registry.npmjs.org/entities 107ms (cache miss)
105 silly packumentCache full:https://registry.npmjs.org/entities set size:undefined disposed:false
106 silly placeDep ROOT @babel/parser@7.29.2 OK for: @vue/compiler-core@3.5.30 want: ^7.29.0
107 silly placeDep ROOT entities@7.0.1 OK for: @vue/compiler-core@3.5.30 want: ^7.0.1
108 silly placeDep ROOT estree-walker@2.0.2 OK for: @vue/compiler-core@3.5.30 want: ^2.0.2
109 silly placeDep ROOT source-map-js@1.2.1 OK for: @vue/compiler-core@3.5.30 want: ^1.2.1
110 silly fetch manifest @babel/types@^7.29.0
111 silly packumentCache full:https://registry.npmjs.org/@babel%2ftypes cache-miss
112 http fetch GET 200 https://registry.npmjs.org/@babel%2ftypes 159ms (cache miss)
113 silly packumentCache full:https://registry.npmjs.org/@babel%2ftypes set size:undefined disposed:false
114 silly placeDep ROOT @babel/types@7.29.0 OK for: @babel/parser@7.29.2 want: ^7.29.0
115 silly fetch manifest @babel/helper-string-parser@^7.27.1
116 silly packumentCache full:https://registry.npmjs.org/@babel%2fhelper-string-parser cache-miss
117 silly fetch manifest @babel/helper-validator-identifier@^7.28.5
118 silly packumentCache full:https://registry.npmjs.org/@babel%2fhelper-validator-identifier cache-miss
119 http fetch GET 200 https://registry.npmjs.org/@babel%2fhelper-string-parser 117ms (cache miss)
120 silly packumentCache full:https://registry.npmjs.org/@babel%2fhelper-string-parser set size:undefined disposed:false
121 http fetch GET 200 https://registry.npmjs.org/@babel%2fhelper-validator-identifier 276ms (cache miss)
122 silly packumentCache full:https://registry.npmjs.org/@babel%2fhelper-validator-identifier set size:undefined disposed:false
123 silly placeDep ROOT @babel/helper-string-parser@7.27.1 OK for: @babel/types@7.29.0 want: ^7.27.1
124 silly placeDep ROOT @babel/helper-validator-identifier@7.28.5 OK for: @babel/types@7.29.0 want: ^7.28.5
125 silly placeDep ROOT @vue/compiler-ssr@3.5.30 OK for: @vue/compiler-sfc@3.5.30 want: 3.5.30
126 silly placeDep ROOT magic-string@0.30.21 OK for: @vue/compiler-sfc@3.5.30 want: ^0.30.21
127 silly placeDep ROOT postcss@8.5.8 OK for: @vue/compiler-sfc@3.5.30 want: ^8.5.8
128 silly fetch manifest @jridgewell/sourcemap-codec@^1.5.5
129 silly packumentCache full:https://registry.npmjs.org/@jridgewell%2fsourcemap-codec cache-miss
130 silly fetch manifest nanoid@^3.3.11
131 silly packumentCache full:https://registry.npmjs.org/nanoid cache-miss
132 silly fetch manifest picocolors@^1.1.1
133 silly packumentCache full:https://registry.npmjs.org/picocolors cache-miss
134 http fetch GET 200 https://registry.npmjs.org/picocolors 101ms (cache miss)
135 silly packumentCache full:https://registry.npmjs.org/picocolors set size:undefined disposed:false
136 http fetch GET 200 https://registry.npmjs.org/@jridgewell%2fsourcemap-codec 139ms (cache miss)
137 silly packumentCache full:https://registry.npmjs.org/@jridgewell%2fsourcemap-codec set size:undefined disposed:false
138 http fetch GET 200 https://registry.npmjs.org/nanoid 209ms (cache miss)
139 silly packumentCache full:https://registry.npmjs.org/nanoid set size:undefined disposed:false
140 silly placeDep ROOT @vue/reactivity@3.5.30 OK for: @vue/runtime-dom@3.5.30 want: 3.5.30
141 silly placeDep ROOT @vue/runtime-core@3.5.30 OK for: @vue/runtime-dom@3.5.30 want: 3.5.30
142 silly placeDep ROOT csstype@3.2.3 OK for: @vue/runtime-dom@3.5.30 want: ^3.2.3
143 silly placeDep ROOT @jridgewell/sourcemap-codec@1.5.5 OK for: magic-string@0.30.21 want: ^1.5.5
144 silly placeDep ROOT nanoid@3.3.11 OK for: postcss@8.5.8 want: ^3.3.11
145 silly placeDep ROOT picocolors@1.1.1 OK for: postcss@8.5.8 want: ^1.1.1
146 silly reify moves {}
147 silly audit bulk request {
147 silly audit   vue: [ '3.5.30' ],
147 silly audit   '@vue/compiler-dom': [ '3.5.30' ],
147 silly audit   '@vue/compiler-sfc': [ '3.5.30' ],
147 silly audit   '@vue/runtime-dom': [ '3.5.30' ],
147 silly audit   '@vue/server-renderer': [ '3.5.30' ],
147 silly audit   '@vue/shared': [ '3.5.30' ],
147 silly audit   '@vue/compiler-core': [ '3.5.30' ],
147 silly audit   '@babel/parser': [ '7.29.2' ],
147 silly audit   entities: [ '7.0.1' ],
147 silly audit   'estree-walker': [ '2.0.2' ],
147 silly audit   'source-map-js': [ '1.2.1' ],
147 silly audit   '@babel/types': [ '7.29.0' ],
147 silly audit   '@babel/helper-string-parser': [ '7.27.1' ],
147 silly audit   '@babel/helper-validator-identifier': [ '7.28.5' ],
147 silly audit   '@vue/compiler-ssr': [ '3.5.30' ],
147 silly audit   'magic-string': [ '0.30.21' ],
147 silly audit   postcss: [ '8.5.8' ],
147 silly audit   '@vue/reactivity': [ '3.5.30' ],
147 silly audit   '@vue/runtime-core': [ '3.5.30' ],
147 silly audit   csstype: [ '3.2.3' ],
147 silly audit   '@jridgewell/sourcemap-codec': [ '1.5.5' ],
147 silly audit   nanoid: [ '3.3.11' ],
147 silly audit   picocolors: [ '1.1.1' ]
147 silly audit }
148 http cache @jridgewell/sourcemap-codec@https://registry.npmjs.org/@jridgewell/sourcemap-codec/-/sourcemap-codec-1.5.5.tgz 0ms (cache hit)
149 http cache picocolors@https://registry.npmjs.org/picocolors/-/picocolors-1.1.1.tgz 0ms (cache hit)
150 http cache @vue/runtime-core@https://registry.npmjs.org/@vue/runtime-core/-/runtime-core-3.5.30.tgz 0ms (cache hit)
151 http cache nanoid@https://registry.npmjs.org/nanoid/-/nanoid-3.3.11.tgz 0ms (cache hit)
152 http cache @vue/reactivity@https://registry.npmjs.org/@vue/reactivity/-/reactivity-3.5.30.tgz 0ms (cache hit)
153 http cache @babel/helper-validator-identifier@https://registry.npmjs.org/@babel/helper-validator-identifier/-/helper-validator-identifier-7.28.5.tgz 0ms (cache hit)
154 http cache csstype@https://registry.npmjs.org/csstype/-/csstype-3.2.3.tgz 0ms (cache hit)
155 http cache magic-string@https://registry.npmjs.org/magic-string/-/magic-string-0.30.21.tgz 0ms (cache hit)
156 http cache @babel/helper-string-parser@https://registry.npmjs.org/@babel/helper-string-parser/-/helper-string-parser-7.27.1.tgz 0ms (cache hit)
157 http cache postcss@https://registry.npmjs.org/postcss/-/postcss-8.5.8.tgz 0ms (cache hit)
158 http cache @babel/types@https://registry.npmjs.org/@babel/types/-/types-7.29.0.tgz 0ms (cache hit)
159 http cache @vue/compiler-ssr@https://registry.npmjs.org/@vue/compiler-ssr/-/compiler-ssr-3.5.30.tgz 0ms (cache hit)
160 http cache source-map-js@https://registry.npmjs.org/source-map-js/-/source-map-js-1.2.1.tgz 0ms (cache hit)
161 http cache estree-walker@https://registry.npmjs.org/estree-walker/-/estree-walker-2.0.2.tgz 0ms (cache hit)
162 http cache @babel/parser@https://registry.npmjs.org/@babel/parser/-/parser-7.29.2.tgz 0ms (cache hit)
163 http cache @vue/compiler-core@https://registry.npmjs.org/@vue/compiler-core/-/compiler-core-3.5.30.tgz 0ms (cache hit)
164 http cache @vue/server-renderer@https://registry.npmjs.org/@vue/server-renderer/-/server-renderer-3.5.30.tgz 0ms (cache hit)
165 http cache @vue/shared@https://registry.npmjs.org/@vue/shared/-/shared-3.5.30.tgz 0ms (cache hit)
166 http cache @vue/runtime-dom@https://registry.npmjs.org/@vue/runtime-dom/-/runtime-dom-3.5.30.tgz 0ms (cache hit)
167 http cache @vue/compiler-sfc@https://registry.npmjs.org/@vue/compiler-sfc/-/compiler-sfc-3.5.30.tgz 0ms (cache hit)
168 http cache vue@https://registry.npmjs.org/vue/-/vue-3.5.30.tgz 0ms (cache hit)
169 http cache @vue/compiler-dom@https://registry.npmjs.org/@vue/compiler-dom/-/compiler-dom-3.5.30.tgz 0ms (cache hit)
170 http cache entities@https://registry.npmjs.org/entities/-/entities-7.0.1.tgz 0ms (cache hit)
171 silly tarball no local data for @jridgewell/sourcemap-codec@https://registry.npmjs.org/@jridgewell/sourcemap-codec/-/sourcemap-codec-1.5.5.tgz. Extracting by manifest.
172 silly tarball no local data for picocolors@https://registry.npmjs.org/picocolors/-/picocolors-1.1.1.tgz. Extracting by manifest.
173 silly tarball no local data for @vue/runtime-core@https://registry.npmjs.org/@vue/runtime-core/-/runtime-core-3.5.30.tgz. Extracting by manifest.
174 silly tarball no local data for nanoid@https://registry.npmjs.org/nanoid/-/nanoid-3.3.11.tgz. Extracting by manifest.
175 silly tarball no local data for @vue/reactivity@https://registry.npmjs.org/@vue/reactivity/-/reactivity-3.5.30.tgz. Extracting by manifest.
176 silly tarball no local data for @babel/helper-validator-identifier@https://registry.npmjs.org/@babel/helper-validator-identifier/-/helper-validator-identifier-7.28.5.tgz. Extracting by manifest.
177 silly tarball no local data for csstype@https://registry.npmjs.org/csstype/-/csstype-3.2.3.tgz. Extracting by manifest.
178 silly tarball no local data for magic-string@https://registry.npmjs.org/magic-string/-/magic-string-0.30.21.tgz. Extracting by manifest.
179 silly tarball no local data for @babel/helper-string-parser@https://registry.npmjs.org/@babel/helper-string-parser/-/helper-string-parser-7.27.1.tgz. Extracting by manifest.
180 silly tarball no local data for postcss@https://registry.npmjs.org/postcss/-/postcss-8.5.8.tgz. Extracting by manifest.
181 silly tarball no local data for @babel/types@https://registry.npmjs.org/@babel/types/-/types-7.29.0.tgz. Extracting by manifest.
182 silly tarball no local data for @vue/compiler-ssr@https://registry.npmjs.org/@vue/compiler-ssr/-/compiler-ssr-3.5.30.tgz. Extracting by manifest.
183 silly tarball no local data for source-map-js@https://registry.npmjs.org/source-map-js/-/source-map-js-1.2.1.tgz. Extracting by manifest.
184 silly tarball no local data for estree-walker@https://registry.npmjs.org/estree-walker/-/estree-walker-2.0.2.tgz. Extracting by manifest.
185 silly tarball no local data for @babel/parser@https://registry.npmjs.org/@babel/parser/-/parser-7.29.2.tgz. Extracting by manifest.
186 silly tarball no local data for @vue/compiler-core@https://registry.npmjs.org/@vue/compiler-core/-/compiler-core-3.5.30.tgz. Extracting by manifest.
187 silly tarball no local data for @vue/server-renderer@https://registry.npmjs.org/@vue/server-renderer/-/server-renderer-3.5.30.tgz. Extracting by manifest.
188 silly tarball no local data for @vue/shared@https://registry.npmjs.org/@vue/shared/-/shared-3.5.30.tgz. Extracting by manifest.
189 silly tarball no local data for @vue/runtime-dom@https://registry.npmjs.org/@vue/runtime-dom/-/runtime-dom-3.5.30.tgz. Extracting by manifest.
190 silly tarball no local data for @vue/compiler-sfc@https://registry.npmjs.org/@vue/compiler-sfc/-/compiler-sfc-3.5.30.tgz. Extracting by manifest.
191 silly tarball no local data for vue@https://registry.npmjs.org/vue/-/vue-3.5.30.tgz. Extracting by manifest.
192 silly tarball no local data for @vue/compiler-dom@https://registry.npmjs.org/@vue/compiler-dom/-/compiler-dom-3.5.30.tgz. Extracting by manifest.
193 silly tarball no local data for entities@https://registry.npmjs.org/entities/-/entities-7.0.1.tgz. Extracting by manifest.
194 http fetch GET 200 https://registry.npmjs.org/picocolors/-/picocolors-1.1.1.tgz 155ms (cache miss)
195 http fetch GET 200 https://registry.npmjs.org/@babel/helper-string-parser/-/helper-string-parser-7.27.1.tgz 160ms (cache miss)
196 http fetch GET 200 https://registry.npmjs.org/@babel/helper-validator-identifier/-/helper-validator-identifier-7.28.5.tgz 181ms (cache miss)
197 http fetch GET 200 https://registry.npmjs.org/csstype/-/csstype-3.2.3.tgz 221ms (cache miss)
198 http fetch GET 200 https://registry.npmjs.org/@vue/reactivity/-/reactivity-3.5.30.tgz 223ms (cache miss)
199 http fetch GET 200 https://registry.npmjs.org/magic-string/-/magic-string-0.30.21.tgz 223ms (cache miss)
200 http fetch POST 200 https://registry.npmjs.org/-/npm/v1/security/advisories/bulk 273ms
201 silly audit report {}
202 http fetch GET 200 https://registry.npmjs.org/@vue/runtime-core/-/runtime-core-3.5.30.tgz 271ms (cache miss)
203 http fetch GET 200 https://registry.npmjs.org/nanoid/-/nanoid-3.3.11.tgz 277ms (cache miss)
204 http fetch GET 200 https://registry.npmjs.org/@vue/shared/-/shared-3.5.30.tgz 289ms (cache miss)
205 http fetch GET 200 https://registry.npmjs.org/@jridgewell/sourcemap-codec/-/sourcemap-codec-1.5.5.tgz 302ms (cache miss)
206 http fetch GET 200 https://registry.npmjs.org/@vue/server-renderer/-/server-renderer-3.5.30.tgz 317ms (cache miss)
207 http fetch GET 200 https://registry.npmjs.org/@vue/compiler-core/-/compiler-core-3.5.30.tgz 326ms (cache miss)
208 http fetch GET 200 https://registry.npmjs.org/@vue/compiler-dom/-/compiler-dom-3.5.30.tgz 355ms (cache miss)
209 http fetch GET 200 https://registry.npmjs.org/@babel/parser/-/parser-7.29.2.tgz 367ms (cache miss)
210 http fetch GET 200 https://registry.npmjs.org/@vue/runtime-dom/-/runtime-dom-3.5.30.tgz 381ms (cache miss)
211 http fetch GET 200 https://registry.npmjs.org/postcss/-/postcss-8.5.8.tgz 402ms (cache miss)
212 http fetch GET 200 https://registry.npmjs.org/estree-walker/-/estree-walker-2.0.2.tgz 425ms (cache miss)
213 http fetch GET 200 https://registry.npmjs.org/@vue/compiler-ssr/-/compiler-ssr-3.5.30.tgz 447ms (cache miss)
214 http fetch GET 200 https://registry.npmjs.org/vue/-/vue-3.5.30.tgz 450ms (cache miss)
215 http fetch GET 200 https://registry.npmjs.org/@vue/compiler-sfc/-/compiler-sfc-3.5.30.tgz 540ms (cache miss)
216 http fetch GET 200 https://registry.npmjs.org/entities/-/entities-7.0.1.tgz 572ms (cache miss)
217 http fetch GET 200 https://registry.npmjs.org/@babel/types/-/types-7.29.0.tgz 679ms (cache miss)
218 http fetch GET 200 https://registry.npmjs.org/source-map-js/-/source-map-js-1.2.1.tgz 856ms (cache miss)
219 silly ADD node_modules/picocolors
220 silly ADD node_modules/nanoid
221 silly ADD node_modules/@jridgewell/sourcemap-codec
222 silly ADD node_modules/csstype
223 silly ADD node_modules/@vue/runtime-core
224 silly ADD node_modules/@vue/reactivity
225 silly ADD node_modules/postcss
226 silly ADD node_modules/magic-string
227 silly ADD node_modules/@vue/compiler-ssr
228 silly ADD node_modules/@babel/helper-validator-identifier
229 silly ADD node_modules/@babel/helper-string-parser
230 silly ADD node_modules/@babel/types
231 silly ADD node_modules/source-map-js
232 silly ADD node_modules/estree-walker
233 silly ADD node_modules/entities
234 silly ADD node_modules/@babel/parser
235 silly ADD node_modules/@vue/compiler-core
236 silly ADD node_modules/@vue/shared
237 silly ADD node_modules/@vue/server-renderer
238 silly ADD node_modules/@vue/runtime-dom
239 silly ADD node_modules/@vue/compiler-sfc
240 silly ADD node_modules/@vue/compiler-dom
241 silly ADD node_modules/vue
242 verbose cwd E:\project\StudyRoom\admin-frontend
243 verbose os Windows_NT 10.0.26200
244 verbose node v24.13.1
245 verbose npm  v11.8.0
246 notice
246 notice New [33mminor[39m version of npm available! [33m11.8.0[39m -> [34m11.12.0[39m
246 notice Changelog: [34mhttps://github.com/npm/cli/releases/tag/v11.12.0[39m
246 notice To update run: [4mnpm install -g npm@11.12.0[24m
246 notice  { force: true, Symbol(proc-log.meta): true }
247 verbose exit 0
248 info ok
