0 verbose cli D:\nodejs\node.exe D:\nodejs\node_modules\npm\bin\npm-cli.js
1 info using npm@11.8.0
2 info using node@v24.13.1
3 silly config load:file:D:\nodejs\node_modules\npm\npmrc
4 silly config load:file:E:\project\StudyRoom\admin-frontend\.npmrc
5 silly config load:file:C:\Users\23612\.npmrc
6 silly config load:file:D:\nodejs\node_global\etc\npmrc
7 verbose title npm install vite @vitejs/plugin-vue typescript vue-tsc
8 verbose argv "install" "--save-dev" "vite" "@vitejs/plugin-vue" "typescript" "vue-tsc" "--cache" ".npmcache"
9 verbose logfile logs-max:10 dir:E:\project\StudyRoom\admin-frontend\.npmcache\_logs\2026-03-20T06_07_15_580Z-
10 verbose logfile E:\project\StudyRoom\admin-frontend\.npmcache\_logs\2026-03-20T06_07_15_580Z-debug-0.log
11 silly logfile done cleaning log files
12 silly packumentCache heap:4496293888 maxSize:1124073472 maxEntrySize:562036736
13 silly idealTree buildDeps
14 silly fetch manifest vite@*
15 silly packumentCache full:https://registry.npmjs.org/vite cache-miss
16 http fetch GET 200 https://registry.npmjs.org/vite 1216ms (cache miss)
17 silly packumentCache full:https://registry.npmjs.org/vite set size:undefined disposed:false
18 silly fetch manifest @types/node@^20.19.0 || >=22.12.0
19 silly packumentCache full:https://registry.npmjs.org/@types%2fnode cache-miss
20 http fetch GET 200 https://registry.npmjs.org/@types%2fnode 230ms (cache miss)
21 silly packumentCache full:https://registry.npmjs.org/@types%2fnode set size:undefined disposed:false
22 silly fetch manifest @vitejs/devtools@^0.1.0
23 silly packumentCache full:https://registry.npmjs.org/@vitejs%2fdevtools cache-miss
24 http fetch GET 200 https://registry.npmjs.org/@vitejs%2fdevtools 122ms (cache miss)
25 silly packumentCache full:https://registry.npmjs.org/@vitejs%2fdevtools set size:undefined disposed:false
26 silly fetch manifest esbuild@^0.27.0
27 silly packumentCache full:https://registry.npmjs.org/esbuild cache-miss
28 http fetch GET 200 https://registry.npmjs.org/esbuild 127ms (cache miss)
29 silly packumentCache full:https://registry.npmjs.org/esbuild set size:undefined disposed:false
30 silly fetch manifest jiti@>=1.21.0
31 silly packumentCache full:https://registry.npmjs.org/jiti cache-miss
32 http fetch GET 200 https://registry.npmjs.org/jiti 116ms (cache miss)
33 silly packumentCache full:https://registry.npmjs.org/jiti set size:undefined disposed:false
34 silly fetch manifest less@^4.0.0
35 silly packumentCache full:https://registry.npmjs.org/less cache-miss
36 http fetch GET 200 https://registry.npmjs.org/less 110ms (cache miss)
37 silly packumentCache full:https://registry.npmjs.org/less set size:undefined disposed:false
38 silly fetch manifest sass@^1.70.0
39 silly packumentCache full:https://registry.npmjs.org/sass cache-miss
40 http fetch GET 200 https://registry.npmjs.org/sass 119ms (cache miss)
41 silly packumentCache full:https://registry.npmjs.org/sass set size:undefined disposed:false
42 silly fetch manifest sass-embedded@^1.70.0
43 silly packumentCache full:https://registry.npmjs.org/sass-embedded cache-miss
44 http fetch GET 200 https://registry.npmjs.org/sass-embedded 110ms (cache miss)
45 silly packumentCache full:https://registry.npmjs.org/sass-embedded set size:undefined disposed:false
46 silly fetch manifest stylus@>=0.54.8
47 silly packumentCache full:https://registry.npmjs.org/stylus cache-miss
48 http fetch GET 200 https://registry.npmjs.org/stylus 108ms (cache miss)
49 silly packumentCache full:https://registry.npmjs.org/stylus set size:undefined disposed:false
50 silly fetch manifest sugarss@^5.0.0
51 silly packumentCache full:https://registry.npmjs.org/sugarss cache-miss
52 http fetch GET 200 https://registry.npmjs.org/sugarss 116ms (cache miss)
53 silly packumentCache full:https://registry.npmjs.org/sugarss set size:undefined disposed:false
54 silly fetch manifest postcss@^8.3.3
55 silly packumentCache full:https://registry.npmjs.org/postcss cache-miss
56 http cache https://registry.npmjs.org/postcss 9ms (cache hit)
57 silly packumentCache full:https://registry.npmjs.org/postcss set size:702266 disposed:false
58 silly fetch manifest terser@^5.16.0
59 silly packumentCache full:https://registry.npmjs.org/terser cache-miss
60 http fetch GET 200 https://registry.npmjs.org/terser 114ms (cache miss)
61 silly packumentCache full:https://registry.npmjs.org/terser set size:undefined disposed:false
62 silly fetch manifest tsx@^4.8.1
63 silly packumentCache full:https://registry.npmjs.org/tsx cache-miss
64 http fetch GET 200 https://registry.npmjs.org/tsx 112ms (cache miss)
65 silly packumentCache full:https://registry.npmjs.org/tsx set size:undefined disposed:false
66 silly fetch manifest yaml@^2.4.2
67 silly packumentCache full:https://registry.npmjs.org/yaml cache-miss
68 http cache https://registry.npmjs.org/yaml 10ms (cache hit)
69 silly packumentCache full:https://registry.npmjs.org/yaml set size:361552 disposed:false
70 silly fetch manifest @vitejs/plugin-vue@*
71 silly packumentCache full:https://registry.npmjs.org/@vitejs%2fplugin-vue cache-miss
72 http fetch GET 200 https://registry.npmjs.org/@vitejs%2fplugin-vue 142ms (cache miss)
73 silly packumentCache full:https://registry.npmjs.org/@vitejs%2fplugin-vue set size:undefined disposed:false
74 silly fetch manifest vue@^3.5.30
75 silly packumentCache full:https://registry.npmjs.org/vue cache-miss
76 http cache https://registry.npmjs.org/vue 11ms (cache hit)
77 silly packumentCache full:https://registry.npmjs.org/vue set size:2008300 disposed:false
78 silly fetch manifest typescript@*
79 silly packumentCache full:https://registry.npmjs.org/typescript cache-miss
80 http cache https://registry.npmjs.org/typescript 46ms (cache hit)
81 silly packumentCache full:https://registry.npmjs.org/typescript set size:15373407 disposed:false
82 silly fetch manifest vue-tsc@*
83 silly packumentCache full:https://registry.npmjs.org/vue-tsc cache-miss
84 http fetch GET 200 https://registry.npmjs.org/vue-tsc 116ms (cache miss)
85 silly packumentCache full:https://registry.npmjs.org/vue-tsc set size:undefined disposed:false
86 silly placeDep ROOT @vitejs/plugin-vue@6.0.5 OK for: admin-frontend@1.0.0 want: *
87 silly placeDep ROOT vite@8.0.1 OK for: @vitejs/plugin-vue@6.0.5 want: ^5.0.0 || ^6.0.0 || ^7.0.0 || ^8.0.0
88 silly placeDep ROOT typescript@5.9.3 OK for: admin-frontend@1.0.0 want: *
89 silly placeDep ROOT vite@8.0.1 REPLACE for: admin-frontend@1.0.0 want: *
90 silly placeDep ROOT vue-tsc@3.2.6 OK for: admin-frontend@1.0.0 want: *
91 silly fetch manifest @rolldown/pluginutils@1.0.0-rc.2
92 silly packumentCache full:https://registry.npmjs.org/@rolldown%2fpluginutils cache-miss
93 silly fetch manifest lightningcss@^1.32.0
94 silly packumentCache full:https://registry.npmjs.org/lightningcss cache-miss
95 silly fetch manifest rolldown@1.0.0-rc.10
96 silly packumentCache full:https://registry.npmjs.org/rolldown cache-miss
97 silly fetch manifest fsevents@~2.3.3
98 silly packumentCache full:https://registry.npmjs.org/fsevents cache-miss
99 silly fetch manifest lightningcss@^1.32.0
100 silly packumentCache full:https://registry.npmjs.org/lightningcss cache-miss
101 silly fetch manifest rolldown@1.0.0-rc.10
102 silly packumentCache full:https://registry.npmjs.org/rolldown cache-miss
103 silly fetch manifest fsevents@~2.3.3
104 silly packumentCache full:https://registry.npmjs.org/fsevents cache-miss
105 silly fetch manifest @volar/typescript@2.4.28
106 silly packumentCache full:https://registry.npmjs.org/@volar%2ftypescript cache-miss
107 silly fetch manifest @vue/language-core@3.2.6
108 silly packumentCache full:https://registry.npmjs.org/@vue%2flanguage-core cache-miss
109 http fetch GET 200 https://registry.npmjs.org/@rolldown%2fpluginutils 124ms (cache miss)
110 silly packumentCache full:https://registry.npmjs.org/@rolldown%2fpluginutils set size:undefined disposed:false
111 http fetch GET 200 https://registry.npmjs.org/lightningcss 457ms (cache miss)
112 silly packumentCache full:https://registry.npmjs.org/lightningcss set size:undefined disposed:false
113 http fetch GET 200 https://registry.npmjs.org/lightningcss 469ms (cache miss)
114 silly packumentCache full:https://registry.npmjs.org/lightningcss set size:undefined disposed:false
115 http fetch GET 200 https://registry.npmjs.org/rolldown 609ms (cache miss)
116 silly packumentCache full:https://registry.npmjs.org/rolldown set size:undefined disposed:false
117 http fetch GET 200 https://registry.npmjs.org/fsevents 637ms (cache miss)
118 silly packumentCache full:https://registry.npmjs.org/fsevents set size:undefined disposed:false
119 http fetch GET 200 https://registry.npmjs.org/@vue%2flanguage-core 640ms (cache miss)
120 silly packumentCache full:https://registry.npmjs.org/@vue%2flanguage-core set size:undefined disposed:false
121 http fetch GET 200 https://registry.npmjs.org/fsevents 647ms (cache miss)
122 silly packumentCache full:https://registry.npmjs.org/fsevents set size:undefined disposed:false
123 http fetch GET 200 https://registry.npmjs.org/@volar%2ftypescript 714ms (cache miss)
124 silly packumentCache full:https://registry.npmjs.org/@volar%2ftypescript set size:undefined disposed:false
125 http fetch GET 200 https://registry.npmjs.org/rolldown 1004ms (cache miss)
126 silly packumentCache full:https://registry.npmjs.org/rolldown set size:undefined disposed:false
127 silly placeDep ROOT @rolldown/pluginutils@1.0.0-rc.2 OK for: @vitejs/plugin-vue@6.0.5 want: 1.0.0-rc.2
128 silly placeDep ROOT fsevents@2.3.3 OK for: vite@8.0.1 want: ~2.3.3
129 silly placeDep ROOT lightningcss@1.32.0 OK for: vite@8.0.1 want: ^1.32.0
130 silly placeDep ROOT rolldown@1.0.0-rc.10 OK for: vite@8.0.1 want: 1.0.0-rc.10
131 silly fetch manifest detect-libc@^2.0.3
132 silly packumentCache full:https://registry.npmjs.org/detect-libc cache-miss
133 silly fetch manifest lightningcss-darwin-x64@1.32.0
134 silly packumentCache full:https://registry.npmjs.org/lightningcss-darwin-x64 cache-miss
135 silly fetch manifest lightningcss-linux-x64-gnu@1.32.0
136 silly packumentCache full:https://registry.npmjs.org/lightningcss-linux-x64-gnu cache-miss
137 silly fetch manifest lightningcss-win32-x64-msvc@1.32.0
138 silly packumentCache full:https://registry.npmjs.org/lightningcss-win32-x64-msvc cache-miss
139 silly fetch manifest lightningcss-win32-arm64-msvc@1.32.0
140 silly packumentCache full:https://registry.npmjs.org/lightningcss-win32-arm64-msvc cache-miss
141 silly fetch manifest lightningcss-darwin-arm64@1.32.0
142 silly packumentCache full:https://registry.npmjs.org/lightningcss-darwin-arm64 cache-miss
143 silly fetch manifest lightningcss-linux-arm64-gnu@1.32.0
144 silly packumentCache full:https://registry.npmjs.org/lightningcss-linux-arm64-gnu cache-miss
145 silly fetch manifest lightningcss-linux-arm-gnueabihf@1.32.0
146 silly packumentCache full:https://registry.npmjs.org/lightningcss-linux-arm-gnueabihf cache-miss
147 silly fetch manifest lightningcss-linux-arm64-musl@1.32.0
148 silly packumentCache full:https://registry.npmjs.org/lightningcss-linux-arm64-musl cache-miss
149 silly fetch manifest lightningcss-linux-x64-musl@1.32.0
150 silly packumentCache full:https://registry.npmjs.org/lightningcss-linux-x64-musl cache-miss
151 silly fetch manifest lightningcss-freebsd-x64@1.32.0
152 silly packumentCache full:https://registry.npmjs.org/lightningcss-freebsd-x64 cache-miss
153 silly fetch manifest lightningcss-android-arm64@1.32.0
154 silly packumentCache full:https://registry.npmjs.org/lightningcss-android-arm64 cache-miss
155 silly fetch manifest @oxc-project/types@=0.120.0
156 silly packumentCache full:https://registry.npmjs.org/@oxc-project%2ftypes cache-miss
157 silly fetch manifest @rolldown/pluginutils@1.0.0-rc.10
158 silly packumentCache full:https://registry.npmjs.org/@rolldown%2fpluginutils cache-miss
159 silly fetch manifest @rolldown/binding-darwin-x64@1.0.0-rc.10
160 silly packumentCache full:https://registry.npmjs.org/@rolldown%2fbinding-darwin-x64 cache-miss
161 http cache https://registry.npmjs.org/@rolldown%2fpluginutils 25ms (cache hit)
162 silly packumentCache full:https://registry.npmjs.org/@rolldown%2fpluginutils set size:271917 disposed:false
163 silly fetch manifest @rolldown/binding-win32-x64-msvc@1.0.0-rc.10
164 silly packumentCache full:https://registry.npmjs.org/@rolldown%2fbinding-win32-x64-msvc cache-miss
165 http fetch GET 200 https://registry.npmjs.org/detect-libc 113ms (cache miss)
166 silly packumentCache full:https://registry.npmjs.org/detect-libc set size:undefined disposed:false
167 silly fetch manifest @rolldown/binding-linux-x64-gnu@1.0.0-rc.10
168 silly packumentCache full:https://registry.npmjs.org/@rolldown%2fbinding-linux-x64-gnu cache-miss
169 http fetch GET 200 https://registry.npmjs.org/lightningcss-win32-x64-msvc 125ms (cache miss)
170 silly packumentCache full:https://registry.npmjs.org/lightningcss-win32-x64-msvc set size:undefined disposed:false
171 silly fetch manifest @rolldown/binding-linux-x64-musl@1.0.0-rc.10
172 silly packumentCache full:https://registry.npmjs.org/@rolldown%2fbinding-linux-x64-musl cache-miss
173 http fetch GET 200 https://registry.npmjs.org/lightningcss-darwin-x64 137ms (cache miss)
174 silly packumentCache full:https://registry.npmjs.org/lightningcss-darwin-x64 set size:undefined disposed:false
175 silly fetch manifest @rolldown/binding-freebsd-x64@1.0.0-rc.10
176 silly packumentCache full:https://registry.npmjs.org/@rolldown%2fbinding-freebsd-x64 cache-miss
177 http fetch GET 200 https://registry.npmjs.org/lightningcss-win32-arm64-msvc 140ms (cache miss)
178 silly packumentCache full:https://registry.npmjs.org/lightningcss-win32-arm64-msvc set size:undefined disposed:false
179 silly fetch manifest @rolldown/binding-linux-arm-gnueabihf@1.0.0-rc.10
180 silly packumentCache full:https://registry.npmjs.org/@rolldown%2fbinding-linux-arm-gnueabihf cache-miss
181 http fetch GET 200 https://registry.npmjs.org/lightningcss-linux-x64-gnu 143ms (cache miss)
182 silly packumentCache full:https://registry.npmjs.org/lightningcss-linux-x64-gnu set size:undefined disposed:false
183 silly fetch manifest @rolldown/binding-linux-arm64-gnu@1.0.0-rc.10
184 silly packumentCache full:https://registry.npmjs.org/@rolldown%2fbinding-linux-arm64-gnu cache-miss
185 http fetch GET 200 https://registry.npmjs.org/lightningcss-linux-arm64-musl 147ms (cache miss)
186 silly packumentCache full:https://registry.npmjs.org/lightningcss-linux-arm64-musl set size:undefined disposed:false
187 silly fetch manifest @rolldown/binding-darwin-arm64@1.0.0-rc.10
188 silly packumentCache full:https://registry.npmjs.org/@rolldown%2fbinding-darwin-arm64 cache-miss
189 http fetch GET 200 https://registry.npmjs.org/lightningcss-linux-arm-gnueabihf 152ms (cache miss)
190 silly packumentCache full:https://registry.npmjs.org/lightningcss-linux-arm-gnueabihf set size:undefined disposed:false
191 silly fetch manifest @rolldown/binding-linux-arm64-musl@1.0.0-rc.10
192 silly packumentCache full:https://registry.npmjs.org/@rolldown%2fbinding-linux-arm64-musl cache-miss
193 http fetch GET 200 https://registry.npmjs.org/lightningcss-linux-arm64-gnu 158ms (cache miss)
194 silly packumentCache full:https://registry.npmjs.org/lightningcss-linux-arm64-gnu set size:undefined disposed:false
195 silly fetch manifest @rolldown/binding-openharmony-arm64@1.0.0-rc.10
196 silly packumentCache full:https://registry.npmjs.org/@rolldown%2fbinding-openharmony-arm64 cache-miss
197 http fetch GET 200 https://registry.npmjs.org/lightningcss-darwin-arm64 160ms (cache miss)
198 silly packumentCache full:https://registry.npmjs.org/lightningcss-darwin-arm64 set size:undefined disposed:false
199 silly fetch manifest @rolldown/binding-win32-arm64-msvc@1.0.0-rc.10
200 silly packumentCache full:https://registry.npmjs.org/@rolldown%2fbinding-win32-arm64-msvc cache-miss
201 http fetch GET 200 https://registry.npmjs.org/@rolldown%2fbinding-linux-x64-gnu 142ms (cache miss)
202 silly packumentCache full:https://registry.npmjs.org/@rolldown%2fbinding-linux-x64-gnu set size:undefined disposed:false
203 silly fetch manifest @rolldown/binding-android-arm64@1.0.0-rc.10
204 silly packumentCache full:https://registry.npmjs.org/@rolldown%2fbinding-android-arm64 cache-miss
205 http fetch GET 200 https://registry.npmjs.org/@rolldown%2fbinding-linux-x64-musl 157ms (cache miss)
206 silly packumentCache full:https://registry.npmjs.org/@rolldown%2fbinding-linux-x64-musl set size:undefined disposed:false
207 silly fetch manifest @rolldown/binding-wasm32-wasi@1.0.0-rc.10
208 silly packumentCache full:https://registry.npmjs.org/@rolldown%2fbinding-wasm32-wasi cache-miss
209 http fetch GET 200 https://registry.npmjs.org/@rolldown%2fbinding-openharmony-arm64 147ms (cache miss)
210 silly packumentCache full:https://registry.npmjs.org/@rolldown%2fbinding-openharmony-arm64 set size:undefined disposed:false
211 silly fetch manifest @rolldown/binding-linux-s390x-gnu@1.0.0-rc.10
212 silly packumentCache full:https://registry.npmjs.org/@rolldown%2fbinding-linux-s390x-gnu cache-miss
213 http fetch GET 200 https://registry.npmjs.org/@rolldown%2fbinding-freebsd-x64 173ms (cache miss)
214 silly packumentCache full:https://registry.npmjs.org/@rolldown%2fbinding-freebsd-x64 set size:undefined disposed:false
215 silly fetch manifest @rolldown/binding-linux-ppc64-gnu@1.0.0-rc.10
216 silly packumentCache full:https://registry.npmjs.org/@rolldown%2fbinding-linux-ppc64-gnu cache-miss
217 http fetch GET 200 https://registry.npmjs.org/@rolldown%2fbinding-linux-arm-gnueabihf 257ms (cache miss)
218 silly packumentCache full:https://registry.npmjs.org/@rolldown%2fbinding-linux-arm-gnueabihf set size:undefined disposed:false
219 http fetch GET 200 https://registry.npmjs.org/@rolldown%2fbinding-darwin-arm64 261ms (cache miss)
220 silly packumentCache full:https://registry.npmjs.org/@rolldown%2fbinding-darwin-arm64 set size:undefined disposed:false
221 http fetch GET 200 https://registry.npmjs.org/@rolldown%2fbinding-linux-arm64-gnu 273ms (cache miss)
222 silly packumentCache full:https://registry.npmjs.org/@rolldown%2fbinding-linux-arm64-gnu set size:undefined disposed:false
223 http fetch GET 200 https://registry.npmjs.org/@rolldown%2fbinding-linux-arm64-musl 273ms (cache miss)
224 silly packumentCache full:https://registry.npmjs.org/@rolldown%2fbinding-linux-arm64-musl set size:undefined disposed:false
225 http fetch GET 200 https://registry.npmjs.org/lightningcss-android-arm64 455ms (cache miss)
226 silly packumentCache full:https://registry.npmjs.org/lightningcss-android-arm64 set size:undefined disposed:false
227 http fetch GET 200 https://registry.npmjs.org/@rolldown%2fbinding-linux-ppc64-gnu 143ms (cache miss)
228 silly packumentCache full:https://registry.npmjs.org/@rolldown%2fbinding-linux-ppc64-gnu set size:undefined disposed:false
229 http fetch GET 200 https://registry.npmjs.org/@rolldown%2fbinding-linux-s390x-gnu 153ms (cache miss)
230 silly packumentCache full:https://registry.npmjs.org/@rolldown%2fbinding-linux-s390x-gnu set size:undefined disposed:false
231 http fetch GET 200 https://registry.npmjs.org/@rolldown%2fbinding-win32-arm64-msvc 305ms (cache miss)
232 silly packumentCache full:https://registry.npmjs.org/@rolldown%2fbinding-win32-arm64-msvc set size:undefined disposed:false
233 http fetch GET 200 https://registry.npmjs.org/@rolldown%2fbinding-wasm32-wasi 194ms (cache miss)
234 silly packumentCache full:https://registry.npmjs.org/@rolldown%2fbinding-wasm32-wasi set size:undefined disposed:false
235 http fetch GET 200 https://registry.npmjs.org/lightningcss-freebsd-x64 494ms (cache miss)
236 silly packumentCache full:https://registry.npmjs.org/lightningcss-freebsd-x64 set size:undefined disposed:false
237 http fetch GET 200 https://registry.npmjs.org/@oxc-project%2ftypes 539ms (cache miss)
238 silly packumentCache full:https://registry.npmjs.org/@oxc-project%2ftypes set size:undefined disposed:false
239 http fetch GET 200 https://registry.npmjs.org/@rolldown%2fbinding-win32-x64-msvc 566ms (cache miss)
240 silly packumentCache full:https://registry.npmjs.org/@rolldown%2fbinding-win32-x64-msvc set size:undefined disposed:false
241 http fetch GET 200 https://registry.npmjs.org/@rolldown%2fbinding-darwin-x64 636ms (cache miss)
242 silly packumentCache full:https://registry.npmjs.org/@rolldown%2fbinding-darwin-x64 set size:undefined disposed:false
243 http fetch GET 200 https://registry.npmjs.org/@rolldown%2fbinding-android-arm64 415ms (cache miss)
244 silly packumentCache full:https://registry.npmjs.org/@rolldown%2fbinding-android-arm64 set size:undefined disposed:false
245 http fetch GET 200 https://registry.npmjs.org/lightningcss-linux-x64-musl 732ms (cache miss)
246 silly packumentCache full:https://registry.npmjs.org/lightningcss-linux-x64-musl set size:undefined disposed:false
247 silly placeDep ROOT detect-libc@2.1.2 OK for: lightningcss@1.32.0 want: ^2.0.3
248 silly placeDep ROOT lightningcss-android-arm64@1.32.0 OK for: lightningcss@1.32.0 want: 1.32.0
249 silly placeDep ROOT lightningcss-darwin-arm64@1.32.0 OK for: lightningcss@1.32.0 want: 1.32.0
250 silly placeDep ROOT lightningcss-darwin-x64@1.32.0 OK for: lightningcss@1.32.0 want: 1.32.0
251 silly placeDep ROOT lightningcss-freebsd-x64@1.32.0 OK for: lightningcss@1.32.0 want: 1.32.0
252 silly placeDep ROOT lightningcss-linux-arm-gnueabihf@1.32.0 OK for: lightningcss@1.32.0 want: 1.32.0
253 silly placeDep ROOT lightningcss-linux-arm64-gnu@1.32.0 OK for: lightningcss@1.32.0 want: 1.32.0
254 silly placeDep ROOT lightningcss-linux-arm64-musl@1.32.0 OK for: lightningcss@1.32.0 want: 1.32.0
255 silly placeDep ROOT lightningcss-linux-x64-gnu@1.32.0 OK for: lightningcss@1.32.0 want: 1.32.0
256 silly placeDep ROOT lightningcss-linux-x64-musl@1.32.0 OK for: lightningcss@1.32.0 want: 1.32.0
257 silly placeDep ROOT lightningcss-win32-arm64-msvc@1.32.0 OK for: lightningcss@1.32.0 want: 1.32.0
258 silly placeDep ROOT lightningcss-win32-x64-msvc@1.32.0 OK for: lightningcss@1.32.0 want: 1.32.0
259 silly placeDep ROOT @oxc-project/types@0.120.0 OK for: rolldown@1.0.0-rc.10 want: =0.120.0
260 silly placeDep ROOT @rolldown/binding-android-arm64@1.0.0-rc.10 OK for: rolldown@1.0.0-rc.10 want: 1.0.0-rc.10
261 silly placeDep ROOT @rolldown/binding-darwin-arm64@1.0.0-rc.10 OK for: rolldown@1.0.0-rc.10 want: 1.0.0-rc.10
262 silly placeDep ROOT @rolldown/binding-darwin-x64@1.0.0-rc.10 OK for: rolldown@1.0.0-rc.10 want: 1.0.0-rc.10
263 silly placeDep ROOT @rolldown/binding-freebsd-x64@1.0.0-rc.10 OK for: rolldown@1.0.0-rc.10 want: 1.0.0-rc.10
264 silly placeDep ROOT @rolldown/binding-linux-arm-gnueabihf@1.0.0-rc.10 OK for: rolldown@1.0.0-rc.10 want: 1.0.0-rc.10
265 silly placeDep ROOT @rolldown/binding-linux-arm64-gnu@1.0.0-rc.10 OK for: rolldown@1.0.0-rc.10 want: 1.0.0-rc.10
266 silly placeDep ROOT @rolldown/binding-linux-arm64-musl@1.0.0-rc.10 OK for: rolldown@1.0.0-rc.10 want: 1.0.0-rc.10
267 silly placeDep ROOT @rolldown/binding-linux-ppc64-gnu@1.0.0-rc.10 OK for: rolldown@1.0.0-rc.10 want: 1.0.0-rc.10
268 silly placeDep ROOT @rolldown/binding-linux-s390x-gnu@1.0.0-rc.10 OK for: rolldown@1.0.0-rc.10 want: 1.0.0-rc.10
269 silly placeDep ROOT @rolldown/binding-linux-x64-gnu@1.0.0-rc.10 OK for: rolldown@1.0.0-rc.10 want: 1.0.0-rc.10
270 silly placeDep ROOT @rolldown/binding-linux-x64-musl@1.0.0-rc.10 OK for: rolldown@1.0.0-rc.10 want: 1.0.0-rc.10
271 silly placeDep ROOT @rolldown/binding-openharmony-arm64@1.0.0-rc.10 OK for: rolldown@1.0.0-rc.10 want: 1.0.0-rc.10
272 silly placeDep ROOT @rolldown/binding-wasm32-wasi@1.0.0-rc.10 OK for: rolldown@1.0.0-rc.10 want: 1.0.0-rc.10
273 silly placeDep ROOT @rolldown/binding-win32-arm64-msvc@1.0.0-rc.10 OK for: rolldown@1.0.0-rc.10 want: 1.0.0-rc.10
274 silly placeDep ROOT @rolldown/binding-win32-x64-msvc@1.0.0-rc.10 OK for: rolldown@1.0.0-rc.10 want: 1.0.0-rc.10
275 silly placeDep node_modules/rolldown @rolldown/pluginutils@1.0.0-rc.10 OK for: rolldown@1.0.0-rc.10 want: 1.0.0-rc.10
276 silly fetch manifest @napi-rs/wasm-runtime@^1.1.1
277 silly packumentCache full:https://registry.npmjs.org/@napi-rs%2fwasm-runtime cache-miss
278 http fetch GET 200 https://registry.npmjs.org/@napi-rs%2fwasm-runtime 146ms (cache miss)
279 silly packumentCache full:https://registry.npmjs.org/@napi-rs%2fwasm-runtime set size:undefined disposed:false
280 silly placeDep ROOT @napi-rs/wasm-runtime@1.1.1 OK for: @rolldown/binding-wasm32-wasi@1.0.0-rc.10 want: ^1.1.1
281 silly fetch manifest @emnapi/core@^1.7.1
282 silly packumentCache full:https://registry.npmjs.org/@emnapi%2fcore cache-miss
283 silly fetch manifest @emnapi/runtime@^1.7.1
284 silly packumentCache full:https://registry.npmjs.org/@emnapi%2fruntime cache-miss
285 silly fetch manifest @tybys/wasm-util@^0.10.1
286 silly packumentCache full:https://registry.npmjs.org/@tybys%2fwasm-util cache-miss
287 http fetch GET 200 https://registry.npmjs.org/@tybys%2fwasm-util 132ms (cache miss)
288 silly packumentCache full:https://registry.npmjs.org/@tybys%2fwasm-util set size:undefined disposed:false
289 http fetch GET 200 https://registry.npmjs.org/@emnapi%2fcore 134ms (cache miss)
290 silly packumentCache full:https://registry.npmjs.org/@emnapi%2fcore set size:undefined disposed:false
291 http fetch GET 200 https://registry.npmjs.org/@emnapi%2fruntime 135ms (cache miss)
292 silly packumentCache full:https://registry.npmjs.org/@emnapi%2fruntime set size:undefined disposed:false
293 silly placeDep ROOT @emnapi/core@1.9.1 OK for: @napi-rs/wasm-runtime@1.1.1 want: ^1.7.1
294 silly placeDep ROOT @emnapi/runtime@1.9.1 OK for: @napi-rs/wasm-runtime@1.1.1 want: ^1.7.1
295 silly placeDep ROOT @tybys/wasm-util@0.10.1 OK for: @napi-rs/wasm-runtime@1.1.1 want: ^0.10.1
296 silly fetch manifest @emnapi/wasi-threads@1.2.0
297 silly packumentCache full:https://registry.npmjs.org/@emnapi%2fwasi-threads cache-miss
298 silly fetch manifest tslib@^2.4.0
299 silly packumentCache full:https://registry.npmjs.org/tslib cache-miss
300 silly fetch manifest tslib@^2.4.0
301 silly packumentCache full:https://registry.npmjs.org/tslib cache-miss
302 silly fetch manifest tslib@^2.4.0
303 silly packumentCache full:https://registry.npmjs.org/tslib cache-miss
304 http fetch GET 200 https://registry.npmjs.org/@emnapi%2fwasi-threads 123ms (cache miss)
305 silly packumentCache full:https://registry.npmjs.org/@emnapi%2fwasi-threads set size:undefined disposed:false
306 http fetch GET 200 https://registry.npmjs.org/tslib 124ms (cache miss)
307 silly packumentCache full:https://registry.npmjs.org/tslib set size:undefined disposed:false
308 http fetch GET 200 https://registry.npmjs.org/tslib 137ms (cache miss)
309 silly packumentCache full:https://registry.npmjs.org/tslib set size:undefined disposed:false
310 http fetch GET 200 https://registry.npmjs.org/tslib 155ms (cache miss)
311 silly packumentCache full:https://registry.npmjs.org/tslib set size:undefined disposed:false
312 silly placeDep ROOT @emnapi/wasi-threads@1.2.0 OK for: @emnapi/core@1.9.1 want: 1.2.0
313 silly placeDep ROOT tslib@2.8.1 OK for: @emnapi/core@1.9.1 want: ^2.4.0
314 silly placeDep ROOT @volar/typescript@2.4.28 OK for: vue-tsc@3.2.6 want: 2.4.28
315 silly placeDep ROOT @vue/language-core@3.2.6 OK for: vue-tsc@3.2.6 want: 3.2.6
316 silly fetch manifest @volar/language-core@2.4.28
317 silly packumentCache full:https://registry.npmjs.org/@volar%2flanguage-core cache-miss
318 silly fetch manifest path-browserify@^1.0.1
319 silly packumentCache full:https://registry.npmjs.org/path-browserify cache-miss
320 silly fetch manifest vscode-uri@^3.0.8
321 silly packumentCache full:https://registry.npmjs.org/vscode-uri cache-miss
322 silly fetch manifest @volar/language-core@2.4.28
323 silly packumentCache full:https://registry.npmjs.org/@volar%2flanguage-core cache-miss
324 silly fetch manifest alien-signals@^3.0.0
325 silly packumentCache full:https://registry.npmjs.org/alien-signals cache-miss
326 silly fetch manifest path-browserify@^1.0.1
327 silly packumentCache full:https://registry.npmjs.org/path-browserify cache-miss
328 http fetch GET 200 https://registry.npmjs.org/path-browserify 109ms (cache miss)
329 silly packumentCache full:https://registry.npmjs.org/path-browserify set size:undefined disposed:false
330 http fetch GET 200 https://registry.npmjs.org/path-browserify 111ms (cache miss)
331 silly packumentCache full:https://registry.npmjs.org/path-browserify set size:undefined disposed:false
332 http fetch GET 200 https://registry.npmjs.org/vscode-uri 126ms (cache miss)
333 silly packumentCache full:https://registry.npmjs.org/vscode-uri set size:undefined disposed:false
334 http fetch GET 200 https://registry.npmjs.org/alien-signals 130ms (cache miss)
335 silly packumentCache full:https://registry.npmjs.org/alien-signals set size:undefined disposed:false
336 http fetch GET 200 https://registry.npmjs.org/@volar%2flanguage-core 140ms (cache miss)
337 silly packumentCache full:https://registry.npmjs.org/@volar%2flanguage-core set size:undefined disposed:false
338 http fetch GET 200 https://registry.npmjs.org/@volar%2flanguage-core 172ms (cache miss)
339 silly packumentCache full:https://registry.npmjs.org/@volar%2flanguage-core set size:undefined disposed:false
340 silly placeDep ROOT @volar/language-core@2.4.28 OK for: @volar/typescript@2.4.28 want: 2.4.28
341 silly placeDep ROOT path-browserify@1.0.1 OK for: @volar/typescript@2.4.28 want: ^1.0.1
342 silly placeDep ROOT vscode-uri@3.1.0 OK for: @volar/typescript@2.4.28 want: ^3.0.8
343 silly fetch manifest @volar/source-map@2.4.28
344 silly packumentCache full:https://registry.npmjs.org/@volar%2fsource-map cache-miss
345 http fetch GET 200 https://registry.npmjs.org/@volar%2fsource-map 306ms (cache miss)
346 silly packumentCache full:https://registry.npmjs.org/@volar%2fsource-map set size:undefined disposed:false
347 silly placeDep ROOT @volar/source-map@2.4.28 OK for: @volar/language-core@2.4.28 want: 2.4.28
348 silly placeDep ROOT alien-signals@3.1.2 OK for: @vue/language-core@3.2.6 want: ^3.0.0
349 silly reify moves {}
350 silly audit bulk request {
350 silly audit   '@babel/generator': [ '7.29.1' ],
350 silly audit   '@babel/helper-string-parser': [ '7.27.1' ],
350 silly audit   '@babel/helper-validator-identifier': [ '7.28.5' ],
350 silly audit   '@babel/parser': [ '7.29.2' ],
350 silly audit   '@babel/types': [ '7.29.0' ],
350 silly audit   '@ctrl/tinycolor': [ '4.2.0' ],
350 silly audit   '@element-plus/icons-vue': [ '2.3.2' ],
350 silly audit   '@floating-ui/core': [ '1.7.5' ],
350 silly audit   '@floating-ui/dom': [ '1.7.6' ],
350 silly audit   '@floating-ui/utils': [ '0.2.11' ],
350 silly audit   '@jridgewell/gen-mapping': [ '0.3.13' ],
350 silly audit   '@jridgewell/remapping': [ '2.3.5' ],
350 silly audit   '@jridgewell/resolve-uri': [ '3.1.2' ],
350 silly audit   '@jridgewell/sourcemap-codec': [ '1.5.5' ],
350 silly audit   '@jridgewell/trace-mapping': [ '0.3.31' ],
350 silly audit   '@sxzz/popperjs-es': [ '2.11.8' ],
350 silly audit   '@types/lodash': [ '4.17.24' ],
350 silly audit   '@types/lodash-es': [ '4.17.12' ],
350 silly audit   '@types/web-bluetooth': [ '0.0.20' ],
350 silly audit   '@vue-macros/common': [ '3.1.2' ],
350 silly audit   '@vue/compiler-core': [ '3.5.30' ],
350 silly audit   '@vue/compiler-dom': [ '3.5.30' ],
350 silly audit   '@vue/compiler-sfc': [ '3.5.30' ],
350 silly audit   '@vue/compiler-ssr': [ '3.5.30' ],
350 silly audit   '@vue/devtools-api': [ '8.1.0' ],
350 silly audit   '@vue/devtools-kit': [ '8.1.0' ],
350 silly audit   '@vue/devtools-shared': [ '8.1.0' ],
350 silly audit   '@vue/reactivity': [ '3.5.30' ],
350 silly audit   '@vue/runtime-core': [ '3.5.30' ],
350 silly audit   '@vue/runtime-dom': [ '3.5.30' ],
350 silly audit   '@vue/server-renderer': [ '3.5.30' ],
350 silly audit   '@vue/shared': [ '3.5.30' ],
350 silly audit   '@vueuse/core': [ '12.0.0' ],
350 silly audit   '@vueuse/metadata': [ '12.0.0' ],
350 silly audit   '@vueuse/shared': [ '12.0.0' ],
350 silly audit   acorn: [ '8.16.0' ],
350 silly audit   'ast-kit': [ '2.2.0' ],
350 silly audit   'ast-walker-scope': [ '0.8.3' ],
350 silly audit   'async-validator': [ '4.2.5' ],
350 silly audit   asynckit: [ '0.4.0' ],
350 silly audit   axios: [ '1.13.6' ],
350 silly audit   birpc: [ '2.9.0' ],
350 silly audit   'call-bind-apply-helpers': [ '1.0.2' ],
350 silly audit   chokidar: [ '5.0.0' ],
350 silly audit   'combined-stream': [ '1.0.8' ],
350 silly audit   confbox: [ '0.2.4', '0.1.8' ],
350 silly audit   csstype: [ '3.2.3' ],
350 silly audit   dayjs: [ '1.11.20' ],
350 silly audit   'delayed-stream': [ '1.0.0' ],
350 silly audit   'dunder-proto': [ '1.0.1' ],
350 silly audit   'element-plus': [ '2.13.5' ],
350 silly audit   entities: [ '7.0.1' ],
350 silly audit   'es-define-property': [ '1.0.1' ],
350 silly audit   'es-errors': [ '1.3.0' ],
350 silly audit   'es-object-atoms': [ '1.1.1' ],
350 silly audit   'es-set-tostringtag': [ '2.1.0' ],
350 silly audit   'estree-walker': [ '2.0.2' ],
350 silly audit   exsolve: [ '1.0.8' ],
350 silly audit   fdir: [ '6.5.0' ],
350 silly audit   'follow-redirects': [ '1.15.11' ],
350 silly audit   'form-data': [ '4.0.5' ],
350 silly audit   'function-bind': [ '1.1.2' ],
350 silly audit   'get-intrinsic': [ '1.3.0' ],
350 silly audit   'get-proto': [ '1.0.1' ],
350 silly audit   gopd: [ '1.2.0' ],
350 silly audit   'has-symbols': [ '1.1.0' ],
350 silly audit   'has-tostringtag': [ '1.0.2' ],
350 silly audit   hasown: [ '2.0.2' ],
350 silly audit   hookable: [ '5.5.3' ],
350 silly audit   jsesc: [ '3.1.0' ],
350 silly audit   json5: [ '2.2.3' ],
350 silly audit   'local-pkg': [ '1.1.2' ],
350 silly audit   lodash: [ '4.17.23' ],
350 silly audit   'lodash-es': [ '4.17.23' ],
350 silly audit   'lodash-unified': [ '1.0.3' ],
350 silly audit   'magic-string': [ '0.30.21' ],
350 silly audit   'magic-string-ast': [ '1.0.3' ],
350 silly audit   'math-intrinsics': [ '1.1.0' ],
350 silly audit   'memoize-one': [ '6.0.0' ],
350 silly audit   'mime-db': [ '1.52.0' ],
350 silly audit   'mime-types': [ '2.1.35' ],
350 silly audit   mlly: [ '1.8.2' ],
350 silly audit   'pkg-types': [ '1.3.1', '2.3.0' ],
350 silly audit   'muggle-string': [ '0.4.1' ],
350 silly audit   nanoid: [ '3.3.11' ],
350 silly audit   'normalize-wheel-es': [ '1.2.0' ],
350 silly audit   pathe: [ '2.0.3' ],
350 silly audit   'perfect-debounce': [ '2.1.0' ],
350 silly audit   picocolors: [ '1.1.1' ],
350 silly audit   picomatch: [ '4.0.3' ],
350 silly audit   postcss: [ '8.5.8' ],
350 silly audit   'proxy-from-env': [ '1.1.0' ],
350 silly audit   quansync: [ '0.2.11' ],
350 silly audit   readdirp: [ '5.0.0' ],
350 silly audit   scule: [ '1.3.0' ],
350 silly audit   'source-map-js': [ '1.2.1' ],
350 silly audit   tinyglobby: [ '0.2.15' ],
350 silly audit   ufo: [ '1.6.3' ],
350 silly audit   unplugin: [ '3.0.0' ],
350 silly audit   'unplugin-utils': [ '0.3.1' ],
350 silly audit   vue: [ '3.5.30' ],
350 silly audit   'vue-router': [ '5.0.4' ],
350 silly audit   'webpack-virtual-modules': [ '0.6.2' ],
350 silly audit   yaml: [ '2.8.2' ],
350 silly audit   '@vitejs/plugin-vue': [ '6.0.5' ],
350 silly audit   typescript: [ '5.9.3' ],
350 silly audit   vite: [ '8.0.1' ],
350 silly audit   'vue-tsc': [ '3.2.6' ],
350 silly audit   '@rolldown/pluginutils': [ '1.0.0-rc.2', '1.0.0-rc.10' ],
350 silly audit   fsevents: [ '2.3.3' ],
350 silly audit   lightningcss: [ '1.32.0' ],
350 silly audit   rolldown: [ '1.0.0-rc.10' ],
350 silly audit   'detect-libc': [ '2.1.2' ],
350 silly audit   'lightningcss-android-arm64': [ '1.32.0' ],
350 silly audit   'lightningcss-darwin-arm64': [ '1.32.0' ],
350 silly audit   'lightningcss-darwin-x64': [ '1.32.0' ],
350 silly audit   'lightningcss-freebsd-x64': [ '1.32.0' ],
350 silly audit   'lightningcss-linux-arm-gnueabihf': [ '1.32.0' ],
350 silly audit   'lightningcss-linux-arm64-gnu': [ '1.32.0' ],
350 silly audit   'lightningcss-linux-arm64-musl': [ '1.32.0' ],
350 silly audit   'lightningcss-linux-x64-gnu': [ '1.32.0' ],
350 silly audit   'lightningcss-linux-x64-musl': [ '1.32.0' ],
350 silly audit   'lightningcss-win32-arm64-msvc': [ '1.32.0' ],
350 silly audit   'lightningcss-win32-x64-msvc': [ '1.32.0' ],
350 silly audit   '@oxc-project/types': [ '0.120.0' ],
350 silly audit   '@rolldown/binding-android-arm64': [ '1.0.0-rc.10' ],
350 silly audit   '@rolldown/binding-darwin-arm64': [ '1.0.0-rc.10' ],
350 silly audit   '@rolldown/binding-darwin-x64': [ '1.0.0-rc.10' ],
350 silly audit   '@rolldown/binding-freebsd-x64': [ '1.0.0-rc.10' ],
350 silly audit   '@rolldown/binding-linux-arm-gnueabihf': [ '1.0.0-rc.10' ],
350 silly audit   '@rolldown/binding-linux-arm64-gnu': [ '1.0.0-rc.10' ],
350 silly audit   '@rolldown/binding-linux-arm64-musl': [ '1.0.0-rc.10' ],
350 silly audit   '@rolldown/binding-linux-ppc64-gnu': [ '1.0.0-rc.10' ],
350 silly audit   '@rolldown/binding-linux-s390x-gnu': [ '1.0.0-rc.10' ],
350 silly audit   '@rolldown/binding-linux-x64-gnu': [ '1.0.0-rc.10' ],
350 silly audit   '@rolldown/binding-linux-x64-musl': [ '1.0.0-rc.10' ],
350 silly audit   '@rolldown/binding-openharmony-arm64': [ '1.0.0-rc.10' ],
350 silly audit   '@rolldown/binding-wasm32-wasi': [ '1.0.0-rc.10' ],
350 silly audit   '@rolldown/binding-win32-arm64-msvc': [ '1.0.0-rc.10' ],
350 silly audit   '@rolldown/binding-win32-x64-msvc': [ '1.0.0-rc.10' ],
350 silly audit   '@napi-rs/wasm-runtime': [ '1.1.1' ],
350 silly audit   '@emnapi/core': [ '1.9.1' ],
350 silly audit   '@emnapi/runtime': [ '1.9.1' ],
350 silly audit   '@tybys/wasm-util': [ '0.10.1' ],
350 silly audit   '@emnapi/wasi-threads': [ '1.2.0' ],
350 silly audit   tslib: [ '2.8.1' ],
350 silly audit   '@volar/typescript': [ '2.4.28' ],
350 silly audit   '@vue/language-core': [ '3.2.6' ],
350 silly audit   '@volar/language-core': [ '2.4.28' ],
350 silly audit   'path-browserify': [ '1.0.1' ],
350 silly audit   'vscode-uri': [ '3.1.0' ],
350 silly audit   '@volar/source-map': [ '2.4.28' ],
350 silly audit   'alien-signals': [ '3.1.2' ]
350 silly audit }
351 http cache alien-signals@https://registry.npmjs.org/alien-signals/-/alien-signals-3.1.2.tgz 0ms (cache hit)
352 http cache @volar/source-map@https://registry.npmjs.org/@volar/source-map/-/source-map-2.4.28.tgz 0ms (cache hit)
353 http cache @volar/typescript@https://registry.npmjs.org/@volar/typescript/-/typescript-2.4.28.tgz 0ms (cache hit)
354 http cache vscode-uri@https://registry.npmjs.org/vscode-uri/-/vscode-uri-3.1.0.tgz 1ms (cache hit)
355 http cache @vue/language-core@https://registry.npmjs.org/@vue/language-core/-/language-core-3.2.6.tgz 0ms (cache hit)
356 http cache @volar/language-core@https://registry.npmjs.org/@volar/language-core/-/language-core-2.4.28.tgz 0ms (cache hit)
357 http cache @rolldown/binding-win32-x64-msvc@https://registry.npmjs.org/@rolldown/binding-win32-x64-msvc/-/binding-win32-x64-msvc-1.0.0-rc.10.tgz 0ms (cache hit)
358 http cache @oxc-project/types@https://registry.npmjs.org/@oxc-project/types/-/types-0.120.0.tgz 0ms (cache hit)
359 http cache lightningcss-win32-x64-msvc@https://registry.npmjs.org/lightningcss-win32-x64-msvc/-/lightningcss-win32-x64-msvc-1.32.0.tgz 0ms (cache hit)
360 http cache lightningcss@https://registry.npmjs.org/lightningcss/-/lightningcss-1.32.0.tgz 0ms (cache hit)
361 http cache path-browserify@https://registry.npmjs.org/path-browserify/-/path-browserify-1.0.1.tgz 0ms (cache hit)
362 http cache detect-libc@https://registry.npmjs.org/detect-libc/-/detect-libc-2.1.2.tgz 0ms (cache hit)
363 http cache @rolldown/pluginutils@https://registry.npmjs.org/@rolldown/pluginutils/-/pluginutils-1.0.0-rc.2.tgz 0ms (cache hit)
364 http cache @vitejs/plugin-vue@https://registry.npmjs.org/@vitejs/plugin-vue/-/plugin-vue-6.0.5.tgz 0ms (cache hit)
365 http cache typescript@https://registry.npmjs.org/typescript/-/typescript-5.9.3.tgz 0ms (cache hit)
366 http cache vue-tsc@https://registry.npmjs.org/vue-tsc/-/vue-tsc-3.2.6.tgz 0ms (cache hit)
367 http cache rolldown@https://registry.npmjs.org/rolldown/-/rolldown-1.0.0-rc.10.tgz 0ms (cache hit)
368 silly tarball no local data for alien-signals@https://registry.npmjs.org/alien-signals/-/alien-signals-3.1.2.tgz. Extracting by manifest.
369 http cache vite@https://registry.npmjs.org/vite/-/vite-8.0.1.tgz 0ms (cache hit)
370 http cache @rolldown/pluginutils@https://registry.npmjs.org/@rolldown/pluginutils/-/pluginutils-1.0.0-rc.10.tgz 0ms (cache hit)
371 silly tarball no local data for @volar/source-map@https://registry.npmjs.org/@volar/source-map/-/source-map-2.4.28.tgz. Extracting by manifest.
372 silly tarball no local data for @volar/typescript@https://registry.npmjs.org/@volar/typescript/-/typescript-2.4.28.tgz. Extracting by manifest.
373 silly tarball no local data for vscode-uri@https://registry.npmjs.org/vscode-uri/-/vscode-uri-3.1.0.tgz. Extracting by manifest.
374 silly tarball no local data for @vue/language-core@https://registry.npmjs.org/@vue/language-core/-/language-core-3.2.6.tgz. Extracting by manifest.
375 silly tarball no local data for @volar/language-core@https://registry.npmjs.org/@volar/language-core/-/language-core-2.4.28.tgz. Extracting by manifest.
376 silly tarball no local data for @rolldown/binding-win32-x64-msvc@https://registry.npmjs.org/@rolldown/binding-win32-x64-msvc/-/binding-win32-x64-msvc-1.0.0-rc.10.tgz. Extracting by manifest.
377 silly tarball no local data for @oxc-project/types@https://registry.npmjs.org/@oxc-project/types/-/types-0.120.0.tgz. Extracting by manifest.
378 silly tarball no local data for lightningcss-win32-x64-msvc@https://registry.npmjs.org/lightningcss-win32-x64-msvc/-/lightningcss-win32-x64-msvc-1.32.0.tgz. Extracting by manifest.
379 silly tarball no local data for lightningcss@https://registry.npmjs.org/lightningcss/-/lightningcss-1.32.0.tgz. Extracting by manifest.
380 silly tarball no local data for path-browserify@https://registry.npmjs.org/path-browserify/-/path-browserify-1.0.1.tgz. Extracting by manifest.
381 silly tarball no local data for detect-libc@https://registry.npmjs.org/detect-libc/-/detect-libc-2.1.2.tgz. Extracting by manifest.
382 silly tarball no local data for @rolldown/pluginutils@https://registry.npmjs.org/@rolldown/pluginutils/-/pluginutils-1.0.0-rc.2.tgz. Extracting by manifest.
383 silly tarball no local data for @vitejs/plugin-vue@https://registry.npmjs.org/@vitejs/plugin-vue/-/plugin-vue-6.0.5.tgz. Extracting by manifest.
384 silly tarball no local data for typescript@https://registry.npmjs.org/typescript/-/typescript-5.9.3.tgz. Extracting by manifest.
385 silly tarball no local data for vue-tsc@https://registry.npmjs.org/vue-tsc/-/vue-tsc-3.2.6.tgz. Extracting by manifest.
386 silly tarball no local data for rolldown@https://registry.npmjs.org/rolldown/-/rolldown-1.0.0-rc.10.tgz. Extracting by manifest.
387 silly tarball no local data for vite@https://registry.npmjs.org/vite/-/vite-8.0.1.tgz. Extracting by manifest.
388 silly tarball no local data for @rolldown/pluginutils@https://registry.npmjs.org/@rolldown/pluginutils/-/pluginutils-1.0.0-rc.10.tgz. Extracting by manifest.
389 http fetch GET 200 https://registry.npmjs.org/detect-libc/-/detect-libc-2.1.2.tgz 168ms (cache miss)
390 http fetch GET 200 https://registry.npmjs.org/@oxc-project/types/-/types-0.120.0.tgz 177ms (cache miss)
391 http fetch GET 200 https://registry.npmjs.org/path-browserify/-/path-browserify-1.0.1.tgz 178ms (cache miss)
392 http fetch GET 200 https://registry.npmjs.org/@rolldown/pluginutils/-/pluginutils-1.0.0-rc.2.tgz 192ms (cache miss)
393 http fetch GET 200 https://registry.npmjs.org/@vitejs/plugin-vue/-/plugin-vue-6.0.5.tgz 199ms (cache miss)
394 http fetch GET 200 https://registry.npmjs.org/alien-signals/-/alien-signals-3.1.2.tgz 228ms (cache miss)
395 http fetch GET 200 https://registry.npmjs.org/@volar/source-map/-/source-map-2.4.28.tgz 232ms (cache miss)
396 http fetch GET 200 https://registry.npmjs.org/vue-tsc/-/vue-tsc-3.2.6.tgz 232ms (cache miss)
397 http fetch GET 200 https://registry.npmjs.org/@volar/language-core/-/language-core-2.4.28.tgz 257ms (cache miss)
398 http fetch POST 200 https://registry.npmjs.org/-/npm/v1/security/advisories/bulk 290ms
399 silly audit report {}
400 http fetch GET 200 https://registry.npmjs.org/@rolldown/pluginutils/-/pluginutils-1.0.0-rc.10.tgz 278ms (cache miss)
401 http fetch GET 200 https://registry.npmjs.org/lightningcss/-/lightningcss-1.32.0.tgz 347ms (cache miss)
402 http fetch GET 200 https://registry.npmjs.org/vscode-uri/-/vscode-uri-3.1.0.tgz 355ms (cache miss)
403 http fetch GET 200 https://registry.npmjs.org/@volar/typescript/-/typescript-2.4.28.tgz 530ms (cache miss)
404 http fetch GET 200 https://registry.npmjs.org/rolldown/-/rolldown-1.0.0-rc.10.tgz 614ms (cache miss)
405 http fetch GET 200 https://registry.npmjs.org/lightningcss-win32-x64-msvc/-/lightningcss-win32-x64-msvc-1.32.0.tgz 702ms (cache miss)
406 http fetch GET 200 https://registry.npmjs.org/@rolldown/binding-win32-x64-msvc/-/binding-win32-x64-msvc-1.0.0-rc.10.tgz 927ms (cache miss)
407 http fetch GET 200 https://registry.npmjs.org/@vue/language-core/-/language-core-3.2.6.tgz 973ms (cache miss)
408 http fetch GET 200 https://registry.npmjs.org/typescript/-/typescript-5.9.3.tgz 1139ms (cache miss)
409 http fetch GET 200 https://registry.npmjs.org/vite/-/vite-8.0.1.tgz 1556ms (cache miss)
410 silly ADD node_modules/alien-signals
411 silly ADD node_modules/@volar/source-map
412 silly ADD node_modules/vscode-uri
413 silly ADD node_modules/path-browserify
414 silly ADD node_modules/@volar/language-core
415 silly ADD node_modules/@vue/language-core
416 silly ADD node_modules/@volar/typescript
417 silly ADD node_modules/@rolldown/binding-win32-x64-msvc
418 silly ADD node_modules/@oxc-project/types
419 silly ADD node_modules/lightningcss-win32-x64-msvc
420 silly ADD node_modules/detect-libc
421 silly ADD node_modules/rolldown
422 silly ADD node_modules/rolldown/node_modules/@rolldown/pluginutils
423 silly ADD node_modules/lightningcss
424 silly ADD node_modules/@rolldown/pluginutils
425 silly ADD node_modules/vue-tsc
426 silly ADD node_modules/vite
427 silly ADD node_modules/typescript
428 silly ADD node_modules/@vitejs/plugin-vue
429 verbose cwd E:\project\StudyRoom\admin-frontend
430 verbose os Windows_NT 10.0.26200
431 verbose node v24.13.1
432 verbose npm  v11.8.0
433 verbose exit 0
434 info ok
